<?xml version="1.0" encoding="UTF-8"?>
<!-- Generated by org.testng.reporters.JUnitReportReporter -->
<testsuite hostname="DESKTOP-HG26754" failures="0" tests="1" name="testCases.LoginTest" time="11.296" errors="0" timestamp="07 Dec 2024 18:21:15 GMT" skipped="0">
  <testcase classname="testCases.LoginTest" name="Testlogin" time="11.296"/>
</testsuite> <!-- testCases.LoginTest -->
