<?xml version="1.0" encoding="UTF-8"?>
<!-- Generated by org.testng.reporters.JUnitReportReporter -->
<testsuite hostname="DESKTOP-HG26754" failures="0" tests="1" name="testCases.LoginTest" time="11.248" errors="0" timestamp="2024-12-07T14:05:23 EST" skipped="0">
  <testcase classname="testCases.LoginTest" name="Testlogin" time="11.248"/>
</testsuite> <!-- testCases.LoginTest -->
